-------------------------------------------------------------------------------
Test set: io.mastermindarena.deduction.api.submitaction.LocalMastermindRuleSetTest
-------------------------------------------------------------------------------
Tests run: 3, Failures: 0, Errors: 3, Skipped: 0, Time elapsed: 0.057 s <<< FAILURE! -- in io.mastermindarena.deduction.api.submitaction.LocalMastermindRuleSetTest
io.mastermindarena.deduction.api.submitaction.LocalMastermindRuleSetTest.rejectsSecretResetAfterFirstValidation -- Time elapsed: 0.025 s <<< ERROR!
java.lang.NoSuchMethodError: 'io.mastermindarena.deduction.engine.workflow.MatchActionRecord io.mastermindarena.deduction.engine.workflow.MatchActionRecord.fromPayload(java.lang.String, int, java.lang.Object, java.lang.String, java.util.List, long)'
	at io.mastermindarena.deduction.api.submitaction.LocalMastermindRuleSetTest.record(LocalMastermindRuleSetTest.java:106)
	at io.mastermindarena.deduction.api.submitaction.LocalMastermindRuleSetTest.rejectsSecretResetAfterFirstValidation(LocalMastermindRuleSetTest.java:36)
	at java.base/java.lang.reflect.Method.invoke(Method.java:580)
	at java.base/java.util.ArrayList.forEach(ArrayList.java:1596)
	at java.base/java.util.ArrayList.forEach(ArrayList.java:1596)

io.mastermindarena.deduction.api.submitaction.LocalMastermindRuleSetTest.rejectsSecondPlayerReadyForSameActor -- Time elapsed: 0.002 s <<< ERROR!
java.lang.NoSuchMethodError: 'io.mastermindarena.deduction.engine.workflow.MatchActionRecord io.mastermindarena.deduction.engine.workflow.MatchActionRecord.fromPayload(java.lang.String, int, java.lang.Object, java.lang.String, java.util.List, long)'
	at io.mastermindarena.deduction.api.submitaction.LocalMastermindRuleSetTest.record(LocalMastermindRuleSetTest.java:106)
	at io.mastermindarena.deduction.api.submitaction.LocalMastermindRuleSetTest.rejectsSecondPlayerReadyForSameActor(LocalMastermindRuleSetTest.java:23)
	at java.base/java.lang.reflect.Method.invoke(Method.java:580)
	at java.base/java.util.ArrayList.forEach(ArrayList.java:1596)
	at java.base/java.util.ArrayList.forEach(ArrayList.java:1596)

io.mastermindarena.deduction.api.submitaction.LocalMastermindRuleSetTest.finishesOnlyWhenBothPlayersCrackOpponentSecret -- Time elapsed: 0.002 s <<< ERROR!
java.lang.NoSuchMethodError: 'io.mastermindarena.deduction.engine.workflow.MatchActionRecord io.mastermindarena.deduction.engine.workflow.MatchActionRecord.fromPayload(java.lang.String, int, java.lang.Object, java.lang.String, java.util.List, long)'
	at io.mastermindarena.deduction.api.submitaction.LocalMastermindRuleSetTest.record(LocalMastermindRuleSetTest.java:106)
	at io.mastermindarena.deduction.api.submitaction.LocalMastermindRuleSetTest.finishesOnlyWhenBothPlayersCrackOpponentSecret(LocalMastermindRuleSetTest.java:55)
	at java.base/java.lang.reflect.Method.invoke(Method.java:580)
	at java.base/java.util.ArrayList.forEach(ArrayList.java:1596)
	at java.base/java.util.ArrayList.forEach(ArrayList.java:1596)

