-------------------------------------------------------------------------------
Test set: io.mastermindarena.deduction.application.persistence.P1BFilePersistenceIntegrationTest
-------------------------------------------------------------------------------
Tests run: 9, Failures: 1, Errors: 0, Skipped: 0, Time elapsed: 0.121 s <<< FAILURE! -- in io.mastermindarena.deduction.application.persistence.P1BFilePersistenceIntegrationTest
io.mastermindarena.deduction.application.persistence.P1BFilePersistenceIntegrationTest.p1b_workflowEventsPersistedOnlyWhenExpected -- Time elapsed: 0.006 s <<< FAILURE!
org.opentest4j.AssertionFailedError: expected: <[ActionSubmitted, ActionAccepted, ActionResolved]> but was: <[GUESS_PLAYED]>
	at org.junit.jupiter.api.AssertionFailureBuilder.build(AssertionFailureBuilder.java:151)
	at org.junit.jupiter.api.AssertionFailureBuilder.buildAndThrow(AssertionFailureBuilder.java:132)
	at org.junit.jupiter.api.AssertEquals.failNotEqual(AssertEquals.java:197)
	at org.junit.jupiter.api.AssertEquals.assertEquals(AssertEquals.java:182)
	at org.junit.jupiter.api.AssertEquals.assertEquals(AssertEquals.java:177)
	at org.junit.jupiter.api.Assertions.assertEquals(Assertions.java:1145)
	at io.mastermindarena.deduction.application.persistence.P1BFilePersistenceIntegrationTest.p1b_workflowEventsPersistedOnlyWhenExpected(P1BFilePersistenceIntegrationTest.java:146)
	at java.base/java.lang.reflect.Method.invoke(Method.java:580)
	at java.base/java.util.ArrayList.forEach(ArrayList.java:1596)
	at java.base/java.util.ArrayList.forEach(ArrayList.java:1596)

