-------------------------------------------------------------------------------
Test set: io.mastermindarena.deduction.application.submitaction.SubmitActionApplicationIntegrationTest
-------------------------------------------------------------------------------
Tests run: 4, Failures: 2, Errors: 0, Skipped: 0, Time elapsed: 0.013 s <<< FAILURE! -- in io.mastermindarena.deduction.application.submitaction.SubmitActionApplicationIntegrationTest
io.mastermindarena.deduction.application.submitaction.SubmitActionApplicationIntegrationTest.p1a_nominalAccepted -- Time elapsed: 0 s <<< FAILURE!
org.opentest4j.AssertionFailedError: expected: <[ActionSubmitted, ActionAccepted, ActionResolved]> but was: <[GUESS_PLAYED]>
	at org.junit.jupiter.api.AssertionFailureBuilder.build(AssertionFailureBuilder.java:151)
	at org.junit.jupiter.api.AssertionFailureBuilder.buildAndThrow(AssertionFailureBuilder.java:132)
	at org.junit.jupiter.api.AssertEquals.failNotEqual(AssertEquals.java:197)
	at org.junit.jupiter.api.AssertEquals.assertEquals(AssertEquals.java:182)
	at org.junit.jupiter.api.AssertEquals.assertEquals(AssertEquals.java:177)
	at org.junit.jupiter.api.Assertions.assertEquals(Assertions.java:1145)
	at io.mastermindarena.deduction.application.submitaction.SubmitActionApplicationIntegrationTest.p1a_nominalAccepted(SubmitActionApplicationIntegrationTest.java:43)
	at java.base/java.lang.reflect.Method.invoke(Method.java:580)
	at java.base/java.util.ArrayList.forEach(ArrayList.java:1596)
	at java.base/java.util.ArrayList.forEach(ArrayList.java:1596)

io.mastermindarena.deduction.application.submitaction.SubmitActionApplicationIntegrationTest.p1a_rulesetRejectionIsPreserved -- Time elapsed: 0.002 s <<< FAILURE!
org.opentest4j.AssertionFailedError: expected: <[ActionSubmitted, ActionRejected]> but was: <[]>
	at org.junit.jupiter.api.AssertionFailureBuilder.build(AssertionFailureBuilder.java:151)
	at org.junit.jupiter.api.AssertionFailureBuilder.buildAndThrow(AssertionFailureBuilder.java:132)
	at org.junit.jupiter.api.AssertEquals.failNotEqual(AssertEquals.java:197)
	at org.junit.jupiter.api.AssertEquals.assertEquals(AssertEquals.java:182)
	at org.junit.jupiter.api.AssertEquals.assertEquals(AssertEquals.java:177)
	at org.junit.jupiter.api.Assertions.assertEquals(Assertions.java:1145)
	at io.mastermindarena.deduction.application.submitaction.SubmitActionApplicationIntegrationTest.p1a_rulesetRejectionIsPreserved(SubmitActionApplicationIntegrationTest.java:98)
	at java.base/java.lang.reflect.Method.invoke(Method.java:580)
	at java.base/java.util.ArrayList.forEach(ArrayList.java:1596)
	at java.base/java.util.ArrayList.forEach(ArrayList.java:1596)

