<?xml version="1.0" encoding="UTF-8"?>
<testsuite xmlns:xsi="http://www.w3.org/2001/XMLSchema-instance" xsi:noNamespaceSchemaLocation="https://maven.apache.org/surefire/maven-surefire-plugin/xsd/surefire-test-report.xsd" version="3.0.2" name="io.mastermindarena.deduction.api.submitaction.LocalMastermindRuleSetTest" time="0.057" tests="3" errors="3" skipped="0" failures="0">
  <properties>
[...]
</properties>
  <testcase name="rejectsSecretResetAfterFirstValidation" classname="io.mastermindarena.deduction.api.submitaction.LocalMastermindRuleSetTest" time="0.025">
    <error message="&apos;io.mastermindarena.deduction.engine.workflow.MatchActionRecord io.mastermindarena.deduction.engine.workflow.MatchActionRecord.fromPayload(java.lang.String, int, java.lang.Object, java.lang.String, java.util.List, long)&apos;" type="java.lang.NoSuchMethodError"><![CDATA[java.lang.NoSuchMethodError: 'io.mastermindarena.deduction.engine.workflow.MatchActionRecord io.mastermindarena.deduction.engine.workflow.MatchActionRecord.fromPayload(java.lang.String, int, java.lang.Object, java.lang.String, java.util.List, long)'
	at io.mastermindarena.deduction.api.submitaction.LocalMastermindRuleSetTest.record(LocalMastermindRuleSetTest.java:106)
	at io.mastermindarena.deduction.api.submitaction.LocalMastermindRuleSetTest.rejectsSecretResetAfterFirstValidation(LocalMastermindRuleSetTest.java:36)
	at java.base/java.lang.reflect.Method.invoke(Method.java:580)
	at java.base/java.util.ArrayList.forEach(ArrayList.java:1596)
	at java.base/java.util.ArrayList.forEach(ArrayList.java:1596)
]]></error>
  </testcase>
  <testcase name="rejectsSecondPlayerReadyForSameActor" classname="io.mastermindarena.deduction.api.submitaction.LocalMastermindRuleSetTest" time="0.002">
    <error message="&apos;io.mastermindarena.deduction.engine.workflow.MatchActionRecord io.mastermindarena.deduction.engine.workflow.MatchActionRecord.fromPayload(java.lang.String, int, java.lang.Object, java.lang.String, java.util.List, long)&apos;" type="java.lang.NoSuchMethodError"><![CDATA[java.lang.NoSuchMethodError: 'io.mastermindarena.deduction.engine.workflow.MatchActionRecord io.mastermindarena.deduction.engine.workflow.MatchActionRecord.fromPayload(java.lang.String, int, java.lang.Object, java.lang.String, java.util.List, long)'
	at io.mastermindarena.deduction.api.submitaction.LocalMastermindRuleSetTest.record(LocalMastermindRuleSetTest.java:106)
	at io.mastermindarena.deduction.api.submitaction.LocalMastermindRuleSetTest.rejectsSecondPlayerReadyForSameActor(LocalMastermindRuleSetTest.java:23)
	at java.base/java.lang.reflect.Method.invoke(Method.java:580)
	at java.base/java.util.ArrayList.forEach(ArrayList.java:1596)
	at java.base/java.util.ArrayList.forEach(ArrayList.java:1596)
]]></error>
  </testcase>
  <testcase name="finishesOnlyWhenBothPlayersCrackOpponentSecret" classname="io.mastermindarena.deduction.api.submitaction.LocalMastermindRuleSetTest" time="0.002">
    <error message="&apos;io.mastermindarena.deduction.engine.workflow.MatchActionRecord io.mastermindarena.deduction.engine.workflow.MatchActionRecord.fromPayload(java.lang.String, int, java.lang.Object, java.lang.String, java.util.List, long)&apos;" type="java.lang.NoSuchMethodError"><![CDATA[java.lang.NoSuchMethodError: 'io.mastermindarena.deduction.engine.workflow.MatchActionRecord io.mastermindarena.deduction.engine.workflow.MatchActionRecord.fromPayload(java.lang.String, int, java.lang.Object, java.lang.String, java.util.List, long)'
	at io.mastermindarena.deduction.api.submitaction.LocalMastermindRuleSetTest.record(LocalMastermindRuleSetTest.java:106)
	at io.mastermindarena.deduction.api.submitaction.LocalMastermindRuleSetTest.finishesOnlyWhenBothPlayersCrackOpponentSecret(LocalMastermindRuleSetTest.java:55)
	at java.base/java.lang.reflect.Method.invoke(Method.java:580)
	at java.base/java.util.ArrayList.forEach(ArrayList.java:1596)
	at java.base/java.util.ArrayList.forEach(ArrayList.java:1596)
]]></error>
  </testcase>
</testsuite>