<?xml version="1.0" encoding="UTF-8"?>
<testsuite xmlns:xsi="http://www.w3.org/2001/XMLSchema-instance" xsi:noNamespaceSchemaLocation="https://maven.apache.org/surefire/maven-surefire-plugin/xsd/surefire-test-report.xsd" version="3.0.2" name="io.mastermindarena.deduction.api.submitaction.LocalSubmitActionHttpServerIntegrationTest" time="0.524" tests="10" errors="0" skipped="0" failures="0">
  <properties>
[...]
</properties>
  <testcase name="p5b_submitActionUnauthorizedReturns401" classname="io.mastermindarena.deduction.api.submitaction.LocalSubmitActionHttpServerIntegrationTest" time="0.27">
    <system-out><![CDATA[{"event":"server_started","path":"n/a","method":"N/A","statusCode":0,"outcome":"STARTED","requestId":"n/a","durationMs":0,"requestsTotal":0,"requestsOk":0,"requestsKo":0,"averageLatencyMs":0}
{"event":"request_rejected","path":"/submit-action","method":"POST","statusCode":401,"outcome":"UNAUTHORIZED","requestId":"YmYxYjgwZDgtZmE1Ny00MWVhLTlkYjYtYjdiMjJlMTA4NzQ5","durationMs":0,"requestsTotal":1,"requestsOk":0,"requestsKo":1,"averageLatencyMs":0}
]]></system-out>
  </testcase>
  <testcase name="p6c_requestCorrelationAndBasicMetricsAreAvailable" classname="io.mastermindarena.deduction.api.submitaction.LocalSubmitActionHttpServerIntegrationTest" time="0.052">
    <system-out><![CDATA[{"event":"server_started","path":"n/a","method":"N/A","statusCode":0,"outcome":"STARTED","requestId":"n/a","durationMs":0,"requestsTotal":0,"requestsOk":0,"requestsKo":0,"averageLatencyMs":0}
{"event":"submit_action","path":"/submit-action","method":"POST","statusCode":200,"outcome":"ACCEPTED","requestId":"req-accepted-1","durationMs":31,"requestsTotal":1,"requestsOk":1,"requestsKo":0,"averageLatencyMs":31}
{"event":"request_rejected","path":"/submit-action","method":"POST","statusCode":401,"outcome":"UNAUTHORIZED","requestId":"N2EwYWZkMGItOWIwOC00YjdhLTg1MDUtNjIwMTBmOWZhMzQ4","durationMs":0,"requestsTotal":2,"requestsOk":1,"requestsKo":1,"averageLatencyMs":15}
]]></system-out>
  </testcase>
  <testcase name="p5a_serverBootsWithExternalizedConfig" classname="io.mastermindarena.deduction.api.submitaction.LocalSubmitActionHttpServerIntegrationTest" time="0.01">
    <system-out><![CDATA[{"event":"server_started","path":"n/a","method":"N/A","statusCode":0,"outcome":"STARTED","requestId":"n/a","durationMs":0,"requestsTotal":0,"requestsOk":0,"requestsKo":0,"averageLatencyMs":0}
]]></system-out>
  </testcase>
  <testcase name="p5c_healthEndpointReturns200" classname="io.mastermindarena.deduction.api.submitaction.LocalSubmitActionHttpServerIntegrationTest" time="0.011">
    <system-out><![CDATA[{"event":"server_started","path":"n/a","method":"N/A","statusCode":0,"outcome":"STARTED","requestId":"n/a","durationMs":0,"requestsTotal":0,"requestsOk":0,"requestsKo":0,"averageLatencyMs":0}
{"event":"health","path":"/health","method":"GET","statusCode":200,"outcome":"UP","requestId":"OWY4ZGRmOWUtNTI0NS00NjgwLTg3NjQtYTVhYTBlZTgxNTUz","durationMs":0,"requestsTotal":1,"requestsOk":1,"requestsKo":0,"averageLatencyMs":0}
]]></system-out>
  </testcase>
  <testcase name="p6b_submitActionAuthorizedPersistsStateInJdbcStore" classname="io.mastermindarena.deduction.api.submitaction.LocalSubmitActionHttpServerIntegrationTest" time="0.017">
    <system-out><![CDATA[{"event":"server_started","path":"n/a","method":"N/A","statusCode":0,"outcome":"STARTED","requestId":"n/a","durationMs":0,"requestsTotal":0,"requestsOk":0,"requestsKo":0,"averageLatencyMs":0}
{"event":"submit_action","path":"/submit-action","method":"POST","statusCode":200,"outcome":"ACCEPTED","requestId":"ZTU4OThhODktOWE0OC00ZGE5LWFkMTMtYjk1Mjg5ZWI3YmVk","durationMs":4,"requestsTotal":1,"requestsOk":1,"requestsKo":0,"averageLatencyMs":4}
]]></system-out>
  </testcase>
  <testcase name="p6a_runtimeConfigReadsSystemPropertiesWithExpectedResolutionRule" classname="io.mastermindarena.deduction.api.submitaction.LocalSubmitActionHttpServerIntegrationTest" time="0.001"/>
  <testcase name="p6b_restartReloadsStateAndIdempotency" classname="io.mastermindarena.deduction.api.submitaction.LocalSubmitActionHttpServerIntegrationTest" time="0.033">
    <system-out><![CDATA[{"event":"server_started","path":"n/a","method":"N/A","statusCode":0,"outcome":"STARTED","requestId":"n/a","durationMs":0,"requestsTotal":0,"requestsOk":0,"requestsKo":0,"averageLatencyMs":0}
{"event":"submit_action","path":"/submit-action","method":"POST","statusCode":200,"outcome":"ACCEPTED","requestId":"MDZmNTdjNTUtYzQ1ZS00NzczLWFmNjktMDM2MWVjMjI0ZWYw","durationMs":4,"requestsTotal":1,"requestsOk":1,"requestsKo":0,"averageLatencyMs":4}
{"event":"server_started","path":"n/a","method":"N/A","statusCode":0,"outcome":"STARTED","requestId":"n/a","durationMs":0,"requestsTotal":0,"requestsOk":0,"requestsKo":0,"averageLatencyMs":0}
{"event":"submit_action","path":"/submit-action","method":"POST","statusCode":200,"outcome":"ACCEPTED","requestId":"NmNlYWE4NzYtMDAyOS00MzljLWJlYjYtYzRmOTdmMDNjNjgy","durationMs":3,"requestsTotal":1,"requestsOk":1,"requestsKo":0,"averageLatencyMs":3}
{"event":"submit_action","path":"/submit-action","method":"POST","statusCode":409,"outcome":"VERSION_CONFLICT","requestId":"OTNjYTcwNmQtNTI2NS00NjA4LTg2YjctMjU3N2I4OWU0ODA4","durationMs":1,"requestsTotal":2,"requestsOk":1,"requestsKo":1,"averageLatencyMs":2}
]]></system-out>
  </testcase>
  <testcase name="p6b_httpFlowNonRegressionWithJdbcPersistence" classname="io.mastermindarena.deduction.api.submitaction.LocalSubmitActionHttpServerIntegrationTest" time="0.017">
    <system-out><![CDATA[{"event":"server_started","path":"n/a","method":"N/A","statusCode":0,"outcome":"STARTED","requestId":"n/a","durationMs":0,"requestsTotal":0,"requestsOk":0,"requestsKo":0,"averageLatencyMs":0}
{"event":"submit_action","path":"/submit-action","method":"POST","statusCode":200,"outcome":"ACCEPTED","requestId":"ZDk0MTAyNTktMDM4Ny00MGY2LWE0ZWQtZGJmYjY1OTQ2MTdh","durationMs":3,"requestsTotal":1,"requestsOk":1,"requestsKo":0,"averageLatencyMs":3}
{"event":"request_rejected","path":"/submit-action","method":"POST","statusCode":401,"outcome":"UNAUTHORIZED","requestId":"ZTdhYjc4MDItZjc5Ni00YjYwLTg3ODUtNTBkYjE4YzRkYmMz","durationMs":0,"requestsTotal":2,"requestsOk":1,"requestsKo":1,"averageLatencyMs":1}
{"event":"health","path":"/health","method":"GET","statusCode":200,"outcome":"UP","requestId":"MDk5NTY4NGUtMDRiOC00M2EwLTkzMDYtNjJlZjE2ZTk4MGU2","durationMs":0,"requestsTotal":3,"requestsOk":2,"requestsKo":1,"averageLatencyMs":1}
]]></system-out>
  </testcase>
  <testcase name="p5a_submitActionNominalOverHttpReturns200" classname="io.mastermindarena.deduction.api.submitaction.LocalSubmitActionHttpServerIntegrationTest" time="0.015">
    <system-out><![CDATA[{"event":"server_started","path":"n/a","method":"N/A","statusCode":0,"outcome":"STARTED","requestId":"n/a","durationMs":0,"requestsTotal":0,"requestsOk":0,"requestsKo":0,"averageLatencyMs":0}
{"event":"submit_action","path":"/submit-action","method":"POST","statusCode":200,"outcome":"ACCEPTED","requestId":"MTk5MmRmZmMtMTVmZC00MzMxLThlYzktNmZiMmFkYTBjZGM5","durationMs":4,"requestsTotal":1,"requestsOk":1,"requestsKo":0,"averageLatencyMs":4}
]]></system-out>
  </testcase>
  <testcase name="p6a_submitActionUnauthorizedWhenApiKeyMissingReturns401" classname="io.mastermindarena.deduction.api.submitaction.LocalSubmitActionHttpServerIntegrationTest" time="0.008">
    <system-out><![CDATA[{"event":"server_started","path":"n/a","method":"N/A","statusCode":0,"outcome":"STARTED","requestId":"n/a","durationMs":0,"requestsTotal":0,"requestsOk":0,"requestsKo":0,"averageLatencyMs":0}
{"event":"request_rejected","path":"/submit-action","method":"POST","statusCode":401,"outcome":"UNAUTHORIZED","requestId":"NTFmNDdlNmEtMDBlMi00MDliLTkwM2YtNDdmMzExZDFhNmEx","durationMs":0,"requestsTotal":1,"requestsOk":0,"requestsKo":1,"averageLatencyMs":0}
]]></system-out>
  </testcase>
</testsuite>